14:58:18.824|428872    |INFO |API_SERVICE_ACCESS|GET_READER|REQUEST|TID=transation
14:58:19.096|429144    |INFO |API_SERVICE_ACCESS|GET_READER|RESPONSE|TID=transation
14:58:38.704|448752    |INFO |API_SERVICE_ACCESS|GET_READER|REQUEST|TID=transation
14:58:38.711|448759    |INFO |API_SERVICE_ACCESS|GET_READER|RESPONSE|TID=transation
14:59:00.055|470103    |INFO |API_SERVICE_ACCESS|GET_READER|REQUEST|TID=transation
14:59:00.059|470107    |INFO |API_SERVICE_ACCESS|GET_READER|RESPONSE|TID=transation
17:18:15.976|96753     |INFO |API_SERVICE_ACCESS|GET_READER|REQUEST|TID=103456
17:18:16.275|97052     |INFO |API_SERVICE_ACCESS|GET_READER|RESPONSE|TID=103456
17:19:05.634|146411    |INFO |API_SERVICE_ACCESS|GET_READER|REQUEST|TID=103456
17:19:05.641|146418    |INFO |API_SERVICE_ACCESS|GET_READER|RESPONSE|TID=103456
12:38:43.042|412297    |INFO |API_SERVICE_ACCESS|GET_READER|REQUEST|TID=2
12:38:43.322|412577    |INFO |API_SERVICE_ACCESS|GET_READER|RESPONSE|TID=2
12:38:52.351|421606    |INFO |API_SERVICE_ACCESS|GET_READER|REQUEST|TID=2
12:38:52.356|421611    |INFO |API_SERVICE_ACCESS|GET_READER|RESPONSE|TID=2
12:39:01.792|431047    |INFO |API_SERVICE_ACCESS|GET_READER|REQUEST|TID=2
12:39:01.796|431051    |INFO |API_SERVICE_ACCESS|GET_READER|RESPONSE|TID=2
12:39:37.838|467093    |INFO |API_SERVICE_ACCESS|GET_READER|REQUEST|TID=2
12:39:37.915|467170    |INFO |API_SERVICE_ACCESS|GET_READER|RESPONSE|TID=2
12:39:53.471|482726    |INFO |API_SERVICE_ACCESS|GET_READER|REQUEST|TID=2
12:39:53.480|482735    |INFO |API_SERVICE_ACCESS|GET_READER|RESPONSE|TID=2
