2024-03-21 14:58:18.823|428870    |INFO |com.igroup.bandesal.core.service.web.TestBandesalApiRS|getReader
2024-03-21 14:58:18.826|428873    |DEBUG|com.igroup.bandesal.core.operation.bandesal.ReaderOperation|get reader
2024-03-21 14:58:38.704|448751    |INFO |com.igroup.bandesal.core.service.web.TestBandesalApiRS|getReader
2024-03-21 14:58:38.704|448751    |DEBUG|com.igroup.bandesal.core.operation.bandesal.ReaderOperation|get reader
2024-03-21 14:58:38.709|448756    |ERROR|com.igroup.bandesal.core.operation.BaseOperation|ApiException: java.lang.NullPointerException: Cannot invoke "com.igroup.bandesal.core.response.ResponseErrors.getError()" because "resp" is null
	at com.igroup.bandesal.core.operation.BaseOperation.execute(BaseOperation.java:24)
	at com.igroup.bandesal.core.operation.bandesal.ReaderOperation.execute(ReaderOperation.java:36)
	at com.igroup.bandesal.core.service.web.TestBandesalApiRS.lambda$getAppVersion$0(TestBandesalApiRS.java:79)
	at com.igroup.bandesal.core.service.web.TestBandesalApiRS.log(TestBandesalApiRS.java:89)
	at com.igroup.bandesal.core.service.web.TestBandesalApiRS.getAppVersion(TestBandesalApiRS.java:77)
	at com.igroup.bandesal.core.service.web.TestBandesalApiRS_Subclass.getAppVersion$$superforward(Unknown Source)
	at com.igroup.bandesal.core.service.web.TestBandesalApiRS_Subclass$$function$$1.apply(Unknown Source)
	at io.quarkus.arc.impl.AroundInvokeInvocationContext.proceed(AroundInvokeInvocationContext.java:73)
	at io.quarkus.arc.impl.AroundInvokeInvocationContext$NextAroundInvokeInvocationContext.proceed(AroundInvokeInvocationContext.java:97)
	at io.quarkus.security.runtime.interceptor.SecurityHandler.handle(SecurityHandler.java:27)
	at io.quarkus.security.runtime.interceptor.PermitAllInterceptor.intercept(PermitAllInterceptor.java:23)
	at io.quarkus.security.runtime.interceptor.PermitAllInterceptor_Bean.intercept(Unknown Source)
	at io.quarkus.arc.impl.InterceptorInvocation.invoke(InterceptorInvocation.java:42)
	at io.quarkus.arc.impl.AroundInvokeInvocationContext.proceed(AroundInvokeInvocationContext.java:70)
	at io.quarkus.arc.impl.AroundInvokeInvocationContext.proceed(AroundInvokeInvocationContext.java:62)
	at io.quarkus.resteasy.runtime.StandardSecurityCheckInterceptor.intercept(StandardSecurityCheckInterceptor.java:45)
	at io.quarkus.resteasy.runtime.StandardSecurityCheckInterceptor_PermitAllInterceptor_Bean.intercept(Unknown Source)
	at io.quarkus.arc.impl.InterceptorInvocation.invoke(InterceptorInvocation.java:42)
	at io.quarkus.arc.impl.AroundInvokeInvocationContext.perform(AroundInvokeInvocationContext.java:30)
	at io.quarkus.arc.impl.InvocationContexts.performAroundInvoke(InvocationContexts.java:27)
	at com.igroup.bandesal.core.service.web.TestBandesalApiRS_Subclass.getAppVersion(Unknown Source)
	at java.base/jdk.internal.reflect.NativeMethodAccessorImpl.invoke0(Native Method)
	at java.base/jdk.internal.reflect.NativeMethodAccessorImpl.invoke(NativeMethodAccessorImpl.java:77)
	at java.base/jdk.internal.reflect.DelegatingMethodAccessorImpl.invoke(DelegatingMethodAccessorImpl.java:43)
	at java.base/java.lang.reflect.Method.invoke(Method.java:568)
	at org.jboss.resteasy.core.MethodInjectorImpl.invoke(MethodInjectorImpl.java:154)
	at org.jboss.resteasy.core.MethodInjectorImpl.invoke(MethodInjectorImpl.java:118)
	at org.jboss.resteasy.core.ResourceMethodInvoker.internalInvokeOnTarget(ResourceMethodInvoker.java:560)
	at org.jboss.resteasy.core.ResourceMethodInvoker.invokeOnTargetAfterFilter(ResourceMethodInvoker.java:452)
	at org.jboss.resteasy.core.ResourceMethodInvoker.lambda$invokeOnTarget$2(ResourceMethodInvoker.java:413)
	at org.jboss.resteasy.core.interception.jaxrs.PreMatchContainerRequestContext.filter(PreMatchContainerRequestContext.java:321)
	at org.jboss.resteasy.core.ResourceMethodInvoker.invokeOnTarget(ResourceMethodInvoker.java:415)
	at org.jboss.resteasy.core.ResourceMethodInvoker.invoke(ResourceMethodInvoker.java:378)
	at org.jboss.resteasy.core.ResourceMethodInvoker.invoke(ResourceMethodInvoker.java:356)
	at org.jboss.resteasy.core.ResourceMethodInvoker.invoke(ResourceMethodInvoker.java:70)
	at org.jboss.resteasy.core.SynchronousDispatcher.invoke(SynchronousDispatcher.java:429)
	at org.jboss.resteasy.core.SynchronousDispatcher.lambda$invoke$4(SynchronousDispatcher.java:240)
	at org.jboss.resteasy.core.SynchronousDispatcher.lambda$preprocess$0(SynchronousDispatcher.java:154)
	at org.jboss.resteasy.core.interception.jaxrs.PreMatchContainerRequestContext.filter(PreMatchContainerRequestContext.java:321)
	at org.jboss.resteasy.core.SynchronousDispatcher.preprocess(SynchronousDispatcher.java:157)
	at org.jboss.resteasy.core.SynchronousDispatcher.invoke(SynchronousDispatcher.java:229)
	at io.quarkus.resteasy.runtime.standalone.RequestDispatcher.service(RequestDispatcher.java:82)
	at io.quarkus.resteasy.runtime.standalone.VertxRequestHandler.dispatch(VertxRequestHandler.java:147)
	at io.quarkus.resteasy.runtime.standalone.VertxRequestHandler$1.run(VertxRequestHandler.java:93)
	at io.quarkus.vertx.core.runtime.VertxCoreRecorder$14.runWith(VertxCoreRecorder.java:582)
	at org.jboss.threads.EnhancedQueueExecutor$Task.run(EnhancedQueueExecutor.java:2513)
	at org.jboss.threads.EnhancedQueueExecutor$ThreadBody.run(EnhancedQueueExecutor.java:1538)
	at org.jboss.threads.DelegatingRunnable.run(DelegatingRunnable.java:29)
	at org.jboss.threads.ThreadLocalResettingRunnable.run(ThreadLocalResettingRunnable.java:29)
	at io.netty.util.concurrent.FastThreadLocalRunnable.run(FastThreadLocalRunnable.java:30)
	at java.base/java.lang.Thread.run(Thread.java:842)

2024-03-21 14:59:00.054|470101    |INFO |com.igroup.bandesal.core.service.web.TestBandesalApiRS|getReader
2024-03-21 14:59:00.055|470102    |DEBUG|com.igroup.bandesal.core.operation.bandesal.ReaderOperation|get reader
2024-03-21 14:59:00.059|470106    |ERROR|com.igroup.bandesal.core.operation.BaseOperation|ApiException: java.lang.NullPointerException: Cannot invoke "com.igroup.bandesal.core.response.ResponseErrors.getError()" because "resp" is null
	at com.igroup.bandesal.core.operation.BaseOperation.execute(BaseOperation.java:24)
	at com.igroup.bandesal.core.operation.bandesal.ReaderOperation.execute(ReaderOperation.java:36)
	at com.igroup.bandesal.core.service.web.TestBandesalApiRS.lambda$getAppVersion$0(TestBandesalApiRS.java:79)
	at com.igroup.bandesal.core.service.web.TestBandesalApiRS.log(TestBandesalApiRS.java:89)
	at com.igroup.bandesal.core.service.web.TestBandesalApiRS.getAppVersion(TestBandesalApiRS.java:77)
	at com.igroup.bandesal.core.service.web.TestBandesalApiRS_Subclass.getAppVersion$$superforward(Unknown Source)
	at com.igroup.bandesal.core.service.web.TestBandesalApiRS_Subclass$$function$$1.apply(Unknown Source)
	at io.quarkus.arc.impl.AroundInvokeInvocationContext.proceed(AroundInvokeInvocationContext.java:73)
	at io.quarkus.arc.impl.AroundInvokeInvocationContext$NextAroundInvokeInvocationContext.proceed(AroundInvokeInvocationContext.java:97)
	at io.quarkus.security.runtime.interceptor.SecurityHandler.handle(SecurityHandler.java:27)
	at io.quarkus.security.runtime.interceptor.PermitAllInterceptor.intercept(PermitAllInterceptor.java:23)
	at io.quarkus.security.runtime.interceptor.PermitAllInterceptor_Bean.intercept(Unknown Source)
	at io.quarkus.arc.impl.InterceptorInvocation.invoke(InterceptorInvocation.java:42)
	at io.quarkus.arc.impl.AroundInvokeInvocationContext.proceed(AroundInvokeInvocationContext.java:70)
	at io.quarkus.arc.impl.AroundInvokeInvocationContext.proceed(AroundInvokeInvocationContext.java:62)
	at io.quarkus.resteasy.runtime.StandardSecurityCheckInterceptor.intercept(StandardSecurityCheckInterceptor.java:45)
	at io.quarkus.resteasy.runtime.StandardSecurityCheckInterceptor_PermitAllInterceptor_Bean.intercept(Unknown Source)
	at io.quarkus.arc.impl.InterceptorInvocation.invoke(InterceptorInvocation.java:42)
	at io.quarkus.arc.impl.AroundInvokeInvocationContext.perform(AroundInvokeInvocationContext.java:30)
	at io.quarkus.arc.impl.InvocationContexts.performAroundInvoke(InvocationContexts.java:27)
	at com.igroup.bandesal.core.service.web.TestBandesalApiRS_Subclass.getAppVersion(Unknown Source)
	at java.base/jdk.internal.reflect.NativeMethodAccessorImpl.invoke0(Native Method)
	at java.base/jdk.internal.reflect.NativeMethodAccessorImpl.invoke(NativeMethodAccessorImpl.java:77)
	at java.base/jdk.internal.reflect.DelegatingMethodAccessorImpl.invoke(DelegatingMethodAccessorImpl.java:43)
	at java.base/java.lang.reflect.Method.invoke(Method.java:568)
	at org.jboss.resteasy.core.MethodInjectorImpl.invoke(MethodInjectorImpl.java:154)
	at org.jboss.resteasy.core.MethodInjectorImpl.invoke(MethodInjectorImpl.java:118)
	at org.jboss.resteasy.core.ResourceMethodInvoker.internalInvokeOnTarget(ResourceMethodInvoker.java:560)
	at org.jboss.resteasy.core.ResourceMethodInvoker.invokeOnTargetAfterFilter(ResourceMethodInvoker.java:452)
	at org.jboss.resteasy.core.ResourceMethodInvoker.lambda$invokeOnTarget$2(ResourceMethodInvoker.java:413)
	at org.jboss.resteasy.core.interception.jaxrs.PreMatchContainerRequestContext.filter(PreMatchContainerRequestContext.java:321)
	at org.jboss.resteasy.core.ResourceMethodInvoker.invokeOnTarget(ResourceMethodInvoker.java:415)
	at org.jboss.resteasy.core.ResourceMethodInvoker.invoke(ResourceMethodInvoker.java:378)
	at org.jboss.resteasy.core.ResourceMethodInvoker.invoke(ResourceMethodInvoker.java:356)
	at org.jboss.resteasy.core.ResourceMethodInvoker.invoke(ResourceMethodInvoker.java:70)
	at org.jboss.resteasy.core.SynchronousDispatcher.invoke(SynchronousDispatcher.java:429)
	at org.jboss.resteasy.core.SynchronousDispatcher.lambda$invoke$4(SynchronousDispatcher.java:240)
	at org.jboss.resteasy.core.SynchronousDispatcher.lambda$preprocess$0(SynchronousDispatcher.java:154)
	at org.jboss.resteasy.core.interception.jaxrs.PreMatchContainerRequestContext.filter(PreMatchContainerRequestContext.java:321)
	at org.jboss.resteasy.core.SynchronousDispatcher.preprocess(SynchronousDispatcher.java:157)
	at org.jboss.resteasy.core.SynchronousDispatcher.invoke(SynchronousDispatcher.java:229)
	at io.quarkus.resteasy.runtime.standalone.RequestDispatcher.service(RequestDispatcher.java:82)
	at io.quarkus.resteasy.runtime.standalone.VertxRequestHandler.dispatch(VertxRequestHandler.java:147)
	at io.quarkus.resteasy.runtime.standalone.VertxRequestHandler$1.run(VertxRequestHandler.java:93)
	at io.quarkus.vertx.core.runtime.VertxCoreRecorder$14.runWith(VertxCoreRecorder.java:582)
	at org.jboss.threads.EnhancedQueueExecutor$Task.run(EnhancedQueueExecutor.java:2513)
	at org.jboss.threads.EnhancedQueueExecutor$ThreadBody.run(EnhancedQueueExecutor.java:1538)
	at org.jboss.threads.DelegatingRunnable.run(DelegatingRunnable.java:29)
	at org.jboss.threads.ThreadLocalResettingRunnable.run(ThreadLocalResettingRunnable.java:29)
	at io.netty.util.concurrent.FastThreadLocalRunnable.run(FastThreadLocalRunnable.java:30)
	at java.base/java.lang.Thread.run(Thread.java:842)

2024-03-21 17:18:15.975|96752     |INFO |com.igroup.bandesal.core.service.web.TestBandesalApiRS|getReader
2024-03-21 17:18:15.977|96754     |DEBUG|com.igroup.bandesal.core.operation.bandesal.ReaderOperation|get reader
2024-03-21 17:19:05.634|146411    |INFO |com.igroup.bandesal.core.service.web.TestBandesalApiRS|getReader
2024-03-21 17:19:05.635|146412    |DEBUG|com.igroup.bandesal.core.operation.bandesal.ReaderOperation|get reader
2024-03-21 17:19:05.640|146417    |ERROR|com.igroup.bandesal.core.operation.BaseOperation|ApiException: java.lang.NullPointerException: Cannot invoke "com.igroup.bandesal.core.response.ResponseErrors.getError()" because "resp" is null
	at com.igroup.bandesal.core.operation.BaseOperation.execute(BaseOperation.java:24)
	at com.igroup.bandesal.core.operation.bandesal.ReaderOperation.execute(ReaderOperation.java:36)
	at com.igroup.bandesal.core.service.web.TestBandesalApiRS.lambda$getAppVersion$0(TestBandesalApiRS.java:79)
	at com.igroup.bandesal.core.service.web.TestBandesalApiRS.log(TestBandesalApiRS.java:89)
	at com.igroup.bandesal.core.service.web.TestBandesalApiRS.getAppVersion(TestBandesalApiRS.java:77)
	at com.igroup.bandesal.core.service.web.TestBandesalApiRS_Subclass.getAppVersion$$superforward(Unknown Source)
	at com.igroup.bandesal.core.service.web.TestBandesalApiRS_Subclass$$function$$2.apply(Unknown Source)
	at io.quarkus.arc.impl.AroundInvokeInvocationContext.proceed(AroundInvokeInvocationContext.java:73)
	at io.quarkus.arc.impl.AroundInvokeInvocationContext$NextAroundInvokeInvocationContext.proceed(AroundInvokeInvocationContext.java:97)
	at io.quarkus.security.runtime.interceptor.SecurityHandler.handle(SecurityHandler.java:27)
	at io.quarkus.security.runtime.interceptor.PermitAllInterceptor.intercept(PermitAllInterceptor.java:23)
	at io.quarkus.security.runtime.interceptor.PermitAllInterceptor_Bean.intercept(Unknown Source)
	at io.quarkus.arc.impl.InterceptorInvocation.invoke(InterceptorInvocation.java:42)
	at io.quarkus.arc.impl.AroundInvokeInvocationContext.proceed(AroundInvokeInvocationContext.java:70)
	at io.quarkus.arc.impl.AroundInvokeInvocationContext.proceed(AroundInvokeInvocationContext.java:62)
	at io.quarkus.resteasy.runtime.StandardSecurityCheckInterceptor.intercept(StandardSecurityCheckInterceptor.java:45)
	at io.quarkus.resteasy.runtime.StandardSecurityCheckInterceptor_PermitAllInterceptor_Bean.intercept(Unknown Source)
	at io.quarkus.arc.impl.InterceptorInvocation.invoke(InterceptorInvocation.java:42)
	at io.quarkus.arc.impl.AroundInvokeInvocationContext.perform(AroundInvokeInvocationContext.java:30)
	at io.quarkus.arc.impl.InvocationContexts.performAroundInvoke(InvocationContexts.java:27)
	at com.igroup.bandesal.core.service.web.TestBandesalApiRS_Subclass.getAppVersion(Unknown Source)
	at java.base/jdk.internal.reflect.NativeMethodAccessorImpl.invoke0(Native Method)
	at java.base/jdk.internal.reflect.NativeMethodAccessorImpl.invoke(NativeMethodAccessorImpl.java:77)
	at java.base/jdk.internal.reflect.DelegatingMethodAccessorImpl.invoke(DelegatingMethodAccessorImpl.java:43)
	at java.base/java.lang.reflect.Method.invoke(Method.java:568)
	at org.jboss.resteasy.core.MethodInjectorImpl.invoke(MethodInjectorImpl.java:154)
	at org.jboss.resteasy.core.MethodInjectorImpl.invoke(MethodInjectorImpl.java:118)
	at org.jboss.resteasy.core.ResourceMethodInvoker.internalInvokeOnTarget(ResourceMethodInvoker.java:560)
	at org.jboss.resteasy.core.ResourceMethodInvoker.invokeOnTargetAfterFilter(ResourceMethodInvoker.java:452)
	at org.jboss.resteasy.core.ResourceMethodInvoker.lambda$invokeOnTarget$2(ResourceMethodInvoker.java:413)
	at org.jboss.resteasy.core.interception.jaxrs.PreMatchContainerRequestContext.filter(PreMatchContainerRequestContext.java:321)
	at org.jboss.resteasy.core.ResourceMethodInvoker.invokeOnTarget(ResourceMethodInvoker.java:415)
	at org.jboss.resteasy.core.ResourceMethodInvoker.invoke(ResourceMethodInvoker.java:378)
	at org.jboss.resteasy.core.ResourceMethodInvoker.invoke(ResourceMethodInvoker.java:356)
	at org.jboss.resteasy.core.ResourceMethodInvoker.invoke(ResourceMethodInvoker.java:70)
	at org.jboss.resteasy.core.SynchronousDispatcher.invoke(SynchronousDispatcher.java:429)
	at org.jboss.resteasy.core.SynchronousDispatcher.lambda$invoke$4(SynchronousDispatcher.java:240)
	at org.jboss.resteasy.core.SynchronousDispatcher.lambda$preprocess$0(SynchronousDispatcher.java:154)
	at org.jboss.resteasy.core.interception.jaxrs.PreMatchContainerRequestContext.filter(PreMatchContainerRequestContext.java:321)
	at org.jboss.resteasy.core.SynchronousDispatcher.preprocess(SynchronousDispatcher.java:157)
	at org.jboss.resteasy.core.SynchronousDispatcher.invoke(SynchronousDispatcher.java:229)
	at io.quarkus.resteasy.runtime.standalone.RequestDispatcher.service(RequestDispatcher.java:82)
	at io.quarkus.resteasy.runtime.standalone.VertxRequestHandler.dispatch(VertxRequestHandler.java:147)
	at io.quarkus.resteasy.runtime.standalone.VertxRequestHandler$1.run(VertxRequestHandler.java:93)
	at io.quarkus.vertx.core.runtime.VertxCoreRecorder$14.runWith(VertxCoreRecorder.java:582)
	at org.jboss.threads.EnhancedQueueExecutor$Task.run(EnhancedQueueExecutor.java:2513)
	at org.jboss.threads.EnhancedQueueExecutor$ThreadBody.run(EnhancedQueueExecutor.java:1538)
	at org.jboss.threads.DelegatingRunnable.run(DelegatingRunnable.java:29)
	at org.jboss.threads.ThreadLocalResettingRunnable.run(ThreadLocalResettingRunnable.java:29)
	at io.netty.util.concurrent.FastThreadLocalRunnable.run(FastThreadLocalRunnable.java:30)
	at java.base/java.lang.Thread.run(Thread.java:842)

2024-03-22 12:38:43.041|412295    |INFO |com.igroup.bandesal.core.service.web.TestBandesalApiRS|getReader
2024-03-22 12:38:43.043|412297    |DEBUG|com.igroup.bandesal.core.operation.bandesal.ReaderOperation|get reader
2024-03-22 12:38:52.351|421605    |INFO |com.igroup.bandesal.core.service.web.TestBandesalApiRS|getReader
2024-03-22 12:38:52.351|421605    |DEBUG|com.igroup.bandesal.core.operation.bandesal.ReaderOperation|get reader
2024-03-22 12:39:01.792|431046    |INFO |com.igroup.bandesal.core.service.web.TestBandesalApiRS|getReader
2024-03-22 12:39:01.792|431046    |DEBUG|com.igroup.bandesal.core.operation.bandesal.ReaderOperation|get reader
2024-03-22 12:39:37.838|467092    |INFO |com.igroup.bandesal.core.service.web.TestBandesalApiRS|getReader
2024-03-22 12:39:37.838|467092    |DEBUG|com.igroup.bandesal.core.operation.bandesal.ReaderOperation|get reader
2024-03-22 12:39:53.471|482725    |INFO |com.igroup.bandesal.core.service.web.TestBandesalApiRS|getReader
2024-03-22 12:39:53.471|482725    |DEBUG|com.igroup.bandesal.core.operation.bandesal.ReaderOperation|get reader
